<?xml version="1.0" encoding="UTF-8"?>
<!-- Generated by org.testng.reporters.JUnitXMLReporter -->
<testsuite ignored="0" hostname="LAPTOP-AQKQSS85" failures="1" tests="2" name="Listener" time="0.076" errors="0" timestamp="2025-02-03T22:08:14 PST">
  <testcase classname="com.neotech.lesson04.ListenerDemo" name="test1" time="0.015"/>
  <testcase classname="com.neotech.lesson04.ListenerDemo" name="test2" time="0.003">
    <failure type="java.lang.AssertionError" message="expected [true] but found [false]">
      <![CDATA[java.lang.AssertionError: expected [true] but found [false]
at com.neotech.lesson04.ListenerDemo.test2(ListenerDemo.java:39)
at java.base/java.util.ArrayList.forEach(ArrayList.java:1597)
... Removed 29 stack frames]]>
    </failure>
  </testcase> <!-- test2 -->
</testsuite> <!-- Listener -->
