<?xml version="1.0" encoding="UTF-8"?>
<!-- Generated by org.testng.reporters.JUnitXMLReporter -->
<testsuite ignored="12" hostname="LAPTOP-AQKQSS85" failures="0" tests="2" name="SmokeTest " time="0.075" errors="0" timestamp="2025-02-03T23:19:52 PST">
  <testcase classname="com.neotech.review01.GroupsDemo" name="generalTest" time="0.011"/>
  <testcase classname="com.neotech.review01.GroupsDemo" name="smokeTest" time="0.002"/>
  <testcase classname="com.neotech.review01.DemoAnnotations" name="test2" time="0.0">
    <ignored/>
  </testcase> <!-- test2 -->
  <testcase classname="com.neotech.review01.SoftAndHardAssert" name="testHardAssert" time="0.0">
    <ignored/>
  </testcase> <!-- testHardAssert -->
  <testcase classname="com.neotech.review01.UsingListener" name="testMethod1" time="0.0">
    <ignored/>
  </testcase> <!-- testMethod1 -->
  <testcase classname="com.neotech.review01.SoftAndHardAssert" name="testSoftAssert" time="0.0">
    <ignored/>
  </testcase> <!-- testSoftAssert -->
  <testcase classname="com.neotech.review01.DependsOnMethod" name="firstTest" time="0.0">
    <ignored/>
  </testcase> <!-- firstTest -->
  <testcase classname="com.neotech.review01.TestParameters" name="methodC" time="0.0">
    <ignored/>
  </testcase> <!-- methodC -->
  <testcase classname="com.neotech.review01.UsingListener" name="testMethod2" time="0.0">
    <ignored/>
  </testcase> <!-- testMethod2 -->
  <testcase classname="com.neotech.review01.TestParameters" name="methodB" time="0.0">
    <ignored/>
  </testcase> <!-- methodB -->
  <testcase classname="com.neotech.review01.TestParameters" name="methodA" time="0.0">
    <ignored/>
  </testcase> <!-- methodA -->
  <testcase classname="com.neotech.review01.DependsOnMethod" name="secondTest" time="0.0">
    <ignored/>
  </testcase> <!-- secondTest -->
  <testcase classname="com.neotech.review01.DataDrivenTest" name="loginTest" time="0.0">
    <ignored/>
  </testcase> <!-- loginTest -->
  <testcase classname="com.neotech.review01.DemoAnnotations" name="test1" time="0.0">
    <ignored/>
  </testcase> <!-- test1 -->
</testsuite> <!-- SmokeTest  -->
