<?xml version="1.0" encoding="UTF-8"?>
<!-- Generated by org.testng.reporters.JUnitXMLReporter -->
<testsuite ignored="9" hostname="LAPTOP-AQKQSS85" failures="0" tests="3" name="TestNG Demo" time="0.074" errors="0" timestamp="2025-02-02T11:06:14 PST">
  <testcase classname="com.neotech.lesson03.GroupsDemo" name="test1" time="0.018"/>
  <testcase classname="com.neotech.lesson03.GroupsDemo" name="test2" time="0.002"/>
  <testcase classname="com.neotech.lesson03.GroupsDemo" name="test4" time="0.002"/>
  <testcase classname="com.neotech.lesson03.Homework1" name="thirdMethod" time="0.0">
    <ignored/>
  </testcase> <!-- thirdMethod -->
  <testcase classname="com.neotech.lesson03.Homework1" name="fourthMethod" time="0.0">
    <ignored/>
  </testcase> <!-- fourthMethod -->
  <testcase classname="com.neotech.lesson03.GroupsDemo" name="test3" time="0.0">
    <ignored/>
  </testcase> <!-- test3 -->
  <testcase classname="com.neotech.lesson03.Homework1" name="secondMethod" time="0.0">
    <ignored/>
  </testcase> <!-- secondMethod -->
  <testcase classname="com.neotech.lesson03.AddEmployeeWithDataProvider" name="addEmployee" time="0.0">
    <ignored/>
  </testcase> <!-- addEmployee -->
  <testcase classname="com.neotech.lesson03.DataProviderDemo" name="loginFunctionality" time="0.0">
    <ignored/>
  </testcase> <!-- loginFunctionality -->
  <testcase classname="com.neotech.lesson03.HW1" name="labelsValidation" time="0.0">
    <ignored/>
  </testcase> <!-- labelsValidation -->
  <testcase classname="com.neotech.lesson03.Homework1" name="firstMethod1" time="0.0">
    <ignored/>
  </testcase> <!-- firstMethod1 -->
  <testcase classname="com.neotech.lesson03.Homework1" name="firstMethod" time="0.0">
    <ignored/>
  </testcase> <!-- firstMethod -->
</testsuite> <!-- TestNG Demo -->
