<?xml version="1.0" encoding="UTF-8"?>
<testng-results ignored="12" total="14" passed="2" failed="0" skipped="0">
  <reporter-output>
  </reporter-output>
  <suite started-at="2025-02-03T23:19:52 PST" name="Suite" finished-at="2025-02-03T23:19:52 PST" duration-ms="75">
    <groups>
      <group name="regression">
        <method signature="GroupsDemo.generalTest()[pri:0, instance:com.neotech.review01.GroupsDemo@40a4337a]" name="generalTest" class="com.neotech.review01.GroupsDemo"/>
      </group> <!-- regression -->
      <group name="smoke">
        <method signature="GroupsDemo.generalTest()[pri:0, instance:com.neotech.review01.GroupsDemo@40a4337a]" name="generalTest" class="com.neotech.review01.GroupsDemo"/>
        <method signature="GroupsDemo.smokeTest()[pri:0, instance:com.neotech.review01.GroupsDemo@40a4337a]" name="smokeTest" class="com.neotech.review01.GroupsDemo"/>
      </group> <!-- smoke -->
    </groups>
    <test started-at="2025-02-03T23:19:52 PST" name="SmokeTest " finished-at="2025-02-03T23:19:52 PST" duration-ms="75">
      <class name="com.neotech.review01.GroupsDemo">
        <test-method is-config="true" signature="beforeTestMethod()[pri:0, instance:com.neotech.review01.GroupsDemo@40a4337a]" started-at="2025-02-03T23:19:52 PST" name="beforeTestMethod" finished-at="2025-02-03T23:19:52 PST" duration-ms="7" status="PASS">
          <reporter-output>
          </reporter-output>
        </test-method> <!-- beforeTestMethod -->
        <test-method signature="generalTest()[pri:0, instance:com.neotech.review01.GroupsDemo@40a4337a]" started-at="2025-02-03T23:19:52 PST" name="generalTest" finished-at="2025-02-03T23:19:52 PST" duration-ms="11" status="PASS">
          <reporter-output>
          </reporter-output>
        </test-method> <!-- generalTest -->
        <test-method signature="smokeTest()[pri:0, instance:com.neotech.review01.GroupsDemo@40a4337a]" started-at="2025-02-03T23:19:52 PST" name="smokeTest" finished-at="2025-02-03T23:19:52 PST" duration-ms="2" status="PASS">
          <reporter-output>
          </reporter-output>
        </test-method> <!-- smokeTest -->
        <test-method is-config="true" signature="beforeTestMethod()[pri:0, instance:com.neotech.review01.GroupsDemo@40a4337a]" started-at="2025-02-03T23:19:52 PST" name="beforeTestMethod" finished-at="2025-02-03T23:19:52 PST" duration-ms="0" status="PASS">
          <reporter-output>
          </reporter-output>
        </test-method> <!-- beforeTestMethod -->
      </class> <!-- com.neotech.review01.GroupsDemo -->
    </test> <!-- SmokeTest  -->
  </suite> <!-- Suite -->
</testng-results>
